Build started 2011/12/28 3:34:45.
Project "\\vmware-host\Shared Folders\windows share\C-Socket-API\Socket\Socket.vcxproj" on node 2 (build target(s)).
InitializeBuildStatus:
  Creating "Debug\Socket.unsuccessfulbuild" because "AlwaysCreate" was specified.
ClCompile:
  All outputs are up-to-date.
ManifestResourceCompile:
  c:\Program Files (x86)\Microsoft SDKs\Windows\v7.0A\bin\rc.exe /nologo /fo"Debug\Socket.dll.embed.manifest.res" Debug\Socket_manifest.rc 
Link:
  c:\Program Files (x86)\Microsoft Visual Studio 10.0\VC\bin\link.exe /ERRORREPORT:PROMPT /OUT:"\\vmware-host\Shared Folders\windows share\C-Socket-API\Debug\Socket.dll" /INCREMENTAL /NOLOGO WS2_32.lib cstl.lib kernel32.lib user32.lib gdi32.lib winspool.lib comdlg32.lib advapi32.lib shell32.lib ole32.lib oleaut32.lib uuid.lib odbc32.lib odbccp32.lib /MANIFEST /ManifestFile:"Debug\Socket.dll.intermediate.manifest" /MANIFESTUAC:"level='asInvoker' uiAccess='false'" /DEBUG /PDB:"\\vmware-host\Shared Folders\windows share\C-Socket-API\Debug\Socket.pdb" /SUBSYSTEM:CONSOLE /TLBID:1 /DYNAMICBASE /NXCOMPAT /IMPLIB:"\\vmware-host\Shared Folders\windows share\C-Socket-API\Debug\Socket.lib" /MACHINE:X86 /DLL Debug\Socket.dll.embed.manifest.res
  Debug\CommonFunctions.obj
  Debug\CreateClient.obj
  Debug\CreateServer.obj
     Creating library \\vmware-host\Shared Folders\windows share\C-Socket-API\Debug\Socket.lib and object \\vmware-host\Shared Folders\windows share\C-Socket-API\Debug\Socket.exp
cstl.lib(cstl_algobase.obj) : warning LNK4099: PDB 'vc100.pdb' was not found with 'cstl.lib(cstl_algobase.obj)' or at '\\vmware-host\Shared Folders\windows share\C-Socket-API\Debug\vc100.pdb'; linking object as if no debug info
cstl.lib(cstl_alloc.obj) : warning LNK4099: PDB 'vc100.pdb' was not found with 'cstl.lib(cstl_alloc.obj)' or at '\\vmware-host\Shared Folders\windows share\C-Socket-API\Debug\vc100.pdb'; linking object as if no debug info
cstl.lib(cstl_alloc_aux.obj) : warning LNK4099: PDB 'vc100.pdb' was not found with 'cstl.lib(cstl_alloc_aux.obj)' or at '\\vmware-host\Shared Folders\windows share\C-Socket-API\Debug\vc100.pdb'; linking object as if no debug info
cstl.lib(cstl_basic_string.obj) : warning LNK4099: PDB 'vc100.pdb' was not found with 'cstl.lib(cstl_basic_string.obj)' or at '\\vmware-host\Shared Folders\windows share\C-Socket-API\Debug\vc100.pdb'; linking object as if no debug info
cstl.lib(cstl_basic_string_aux.obj) : warning LNK4099: PDB 'vc100.pdb' was not found with 'cstl.lib(cstl_basic_string_aux.obj)' or at '\\vmware-host\Shared Folders\windows share\C-Socket-API\Debug\vc100.pdb'; linking object as if no debug info
cstl.lib(cstl_basic_string_iterator.obj) : warning LNK4099: PDB 'vc100.pdb' was not found with 'cstl.lib(cstl_basic_string_iterator.obj)' or at '\\vmware-host\Shared Folders\windows share\C-Socket-API\Debug\vc100.pdb'; linking object as if no debug info
cstl.lib(cstl_basic_string_private.obj) : warning LNK4099: PDB 'vc100.pdb' was not found with 'cstl.lib(cstl_basic_string_private.obj)' or at '\\vmware-host\Shared Folders\windows share\C-Socket-API\Debug\vc100.pdb'; linking object as if no debug info
cstl.lib(cstl_deque.obj) : warning LNK4099: PDB 'vc100.pdb' was not found with 'cstl.lib(cstl_deque.obj)' or at '\\vmware-host\Shared Folders\windows share\C-Socket-API\Debug\vc100.pdb'; linking object as if no debug info
cstl.lib(cstl_deque_aux.obj) : warning LNK4099: PDB 'vc100.pdb' was not found with 'cstl.lib(cstl_deque_aux.obj)' or at '\\vmware-host\Shared Folders\windows share\C-Socket-API\Debug\vc100.pdb'; linking object as if no debug info
cstl.lib(cstl_deque_iterator.obj) : warning LNK4099: PDB 'vc100.pdb' was not found with 'cstl.lib(cstl_deque_iterator.obj)' or at '\\vmware-host\Shared Folders\windows share\C-Socket-API\Debug\vc100.pdb'; linking object as if no debug info
cstl.lib(cstl_deque_private.obj) : warning LNK4099: PDB 'vc100.pdb' was not found with 'cstl.lib(cstl_deque_private.obj)' or at '\\vmware-host\Shared Folders\windows share\C-Socket-API\Debug\vc100.pdb'; linking object as if no debug info
cstl.lib(cstl_function.obj) : warning LNK4099: PDB 'vc100.pdb' was not found with 'cstl.lib(cstl_function.obj)' or at '\\vmware-host\Shared Folders\windows share\C-Socket-API\Debug\vc100.pdb'; linking object as if no debug info
cstl.lib(cstl_hashtable.obj) : warning LNK4099: PDB 'vc100.pdb' was not found with 'cstl.lib(cstl_hashtable.obj)' or at '\\vmware-host\Shared Folders\windows share\C-Socket-API\Debug\vc100.pdb'; linking object as if no debug info
cstl.lib(cstl_hashtable_aux.obj) : warning LNK4099: PDB 'vc100.pdb' was not found with 'cstl.lib(cstl_hashtable_aux.obj)' or at '\\vmware-host\Shared Folders\windows share\C-Socket-API\Debug\vc100.pdb'; linking object as if no debug info
cstl.lib(cstl_hashtable_iterator.obj) : warning LNK4099: PDB 'vc100.pdb' was not found with 'cstl.lib(cstl_hashtable_iterator.obj)' or at '\\vmware-host\Shared Folders\windows share\C-Socket-API\Debug\vc100.pdb'; linking object as if no debug info
cstl.lib(cstl_hashtable_private.obj) : warning LNK4099: PDB 'vc100.pdb' was not found with 'cstl.lib(cstl_hashtable_private.obj)' or at '\\vmware-host\Shared Folders\windows share\C-Socket-API\Debug\vc100.pdb'; linking object as if no debug info
cstl.lib(cstl_hash_map.obj) : warning LNK4099: PDB 'vc100.pdb' was not found with 'cstl.lib(cstl_hash_map.obj)' or at '\\vmware-host\Shared Folders\windows share\C-Socket-API\Debug\vc100.pdb'; linking object as if no debug info
cstl.lib(cstl_hash_map_aux.obj) : warning LNK4099: PDB 'vc100.pdb' was not found with 'cstl.lib(cstl_hash_map_aux.obj)' or at '\\vmware-host\Shared Folders\windows share\C-Socket-API\Debug\vc100.pdb'; linking object as if no debug info
cstl.lib(cstl_hash_map_iterator.obj) : warning LNK4099: PDB 'vc100.pdb' was not found with 'cstl.lib(cstl_hash_map_iterator.obj)' or at '\\vmware-host\Shared Folders\windows share\C-Socket-API\Debug\vc100.pdb'; linking object as if no debug info
cstl.lib(cstl_hash_map_private.obj) : warning LNK4099: PDB 'vc100.pdb' was not found with 'cstl.lib(cstl_hash_map_private.obj)' or at '\\vmware-host\Shared Folders\windows share\C-Socket-API\Debug\vc100.pdb'; linking object as if no debug info
cstl.lib(cstl_hash_multimap.obj) : warning LNK4099: PDB 'vc100.pdb' was not found with 'cstl.lib(cstl_hash_multimap.obj)' or at '\\vmware-host\Shared Folders\windows share\C-Socket-API\Debug\vc100.pdb'; linking object as if no debug info
cstl.lib(cstl_hash_multimap_aux.obj) : warning LNK4099: PDB 'vc100.pdb' was not found with 'cstl.lib(cstl_hash_multimap_aux.obj)' or at '\\vmware-host\Shared Folders\windows share\C-Socket-API\Debug\vc100.pdb'; linking object as if no debug info
cstl.lib(cstl_hash_multimap_iterator.obj) : warning LNK4099: PDB 'vc100.pdb' was not found with 'cstl.lib(cstl_hash_multimap_iterator.obj)' or at '\\vmware-host\Shared Folders\windows share\C-Socket-API\Debug\vc100.pdb'; linking object as if no debug info
cstl.lib(cstl_hash_multimap_private.obj) : warning LNK4099: PDB 'vc100.pdb' was not found with 'cstl.lib(cstl_hash_multimap_private.obj)' or at '\\vmware-host\Shared Folders\windows share\C-Socket-API\Debug\vc100.pdb'; linking object as if no debug info
cstl.lib(cstl_hash_multiset.obj) : warning LNK4099: PDB 'vc100.pdb' was not found with 'cstl.lib(cstl_hash_multiset.obj)' or at '\\vmware-host\Shared Folders\windows share\C-Socket-API\Debug\vc100.pdb'; linking object as if no debug info
cstl.lib(cstl_hash_multiset_aux.obj) : warning LNK4099: PDB 'vc100.pdb' was not found with 'cstl.lib(cstl_hash_multiset_aux.obj)' or at '\\vmware-host\Shared Folders\windows share\C-Socket-API\Debug\vc100.pdb'; linking object as if no debug info
cstl.lib(cstl_hash_multiset_iterator.obj) : warning LNK4099: PDB 'vc100.pdb' was not found with 'cstl.lib(cstl_hash_multiset_iterator.obj)' or at '\\vmware-host\Shared Folders\windows share\C-Socket-API\Debug\vc100.pdb'; linking object as if no debug info
cstl.lib(cstl_hash_multiset_private.obj) : warning LNK4099: PDB 'vc100.pdb' was not found with 'cstl.lib(cstl_hash_multiset_private.obj)' or at '\\vmware-host\Shared Folders\windows share\C-Socket-API\Debug\vc100.pdb'; linking object as if no debug info
cstl.lib(cstl_hash_set.obj) : warning LNK4099: PDB 'vc100.pdb' was not found with 'cstl.lib(cstl_hash_set.obj)' or at '\\vmware-host\Shared Folders\windows share\C-Socket-API\Debug\vc100.pdb'; linking object as if no debug info
cstl.lib(cstl_hash_set_aux.obj) : warning LNK4099: PDB 'vc100.pdb' was not found with 'cstl.lib(cstl_hash_set_aux.obj)' or at '\\vmware-host\Shared Folders\windows share\C-Socket-API\Debug\vc100.pdb'; linking object as if no debug info
cstl.lib(cstl_hash_set_iterator.obj) : warning LNK4099: PDB 'vc100.pdb' was not found with 'cstl.lib(cstl_hash_set_iterator.obj)' or at '\\vmware-host\Shared Folders\windows share\C-Socket-API\Debug\vc100.pdb'; linking object as if no debug info
cstl.lib(cstl_hash_set_private.obj) : warning LNK4099: PDB 'vc100.pdb' was not found with 'cstl.lib(cstl_hash_set_private.obj)' or at '\\vmware-host\Shared Folders\windows share\C-Socket-API\Debug\vc100.pdb'; linking object as if no debug info
cstl.lib(cstl_heap.obj) : warning LNK4099: PDB 'vc100.pdb' was not found with 'cstl.lib(cstl_heap.obj)' or at '\\vmware-host\Shared Folders\windows share\C-Socket-API\Debug\vc100.pdb'; linking object as if no debug info
cstl.lib(cstl_iterator.obj) : warning LNK4099: PDB 'vc100.pdb' was not found with 'cstl.lib(cstl_iterator.obj)' or at '\\vmware-host\Shared Folders\windows share\C-Socket-API\Debug\vc100.pdb'; linking object as if no debug info
cstl.lib(cstl_list.obj) : warning LNK4099: PDB 'vc100.pdb' was not found with 'cstl.lib(cstl_list.obj)' or at '\\vmware-host\Shared Folders\windows share\C-Socket-API\Debug\vc100.pdb'; linking object as if no debug info
cstl.lib(cstl_list_aux.obj) : warning LNK4099: PDB 'vc100.pdb' was not found with 'cstl.lib(cstl_list_aux.obj)' or at '\\vmware-host\Shared Folders\windows share\C-Socket-API\Debug\vc100.pdb'; linking object as if no debug info
cstl.lib(cstl_list_iterator.obj) : warning LNK4099: PDB 'vc100.pdb' was not found with 'cstl.lib(cstl_list_iterator.obj)' or at '\\vmware-host\Shared Folders\windows share\C-Socket-API\Debug\vc100.pdb'; linking object as if no debug info
cstl.lib(cstl_list_private.obj) : warning LNK4099: PDB 'vc100.pdb' was not found with 'cstl.lib(cstl_list_private.obj)' or at '\\vmware-host\Shared Folders\windows share\C-Socket-API\Debug\vc100.pdb'; linking object as if no debug info
cstl.lib(cstl_map.obj) : warning LNK4099: PDB 'vc100.pdb' was not found with 'cstl.lib(cstl_map.obj)' or at '\\vmware-host\Shared Folders\windows share\C-Socket-API\Debug\vc100.pdb'; linking object as if no debug info
cstl.lib(cstl_map_aux.obj) : warning LNK4099: PDB 'vc100.pdb' was not found with 'cstl.lib(cstl_map_aux.obj)' or at '\\vmware-host\Shared Folders\windows share\C-Socket-API\Debug\vc100.pdb'; linking object as if no debug info
cstl.lib(cstl_map_iterator.obj) : warning LNK4099: PDB 'vc100.pdb' was not found with 'cstl.lib(cstl_map_iterator.obj)' or at '\\vmware-host\Shared Folders\windows share\C-Socket-API\Debug\vc100.pdb'; linking object as if no debug info
cstl.lib(cstl_map_private.obj) : warning LNK4099: PDB 'vc100.pdb' was not found with 'cstl.lib(cstl_map_private.obj)' or at '\\vmware-host\Shared Folders\windows share\C-Socket-API\Debug\vc100.pdb'; linking object as if no debug info
cstl.lib(cstl_multimap.obj) : warning LNK4099: PDB 'vc100.pdb' was not found with 'cstl.lib(cstl_multimap.obj)' or at '\\vmware-host\Shared Folders\windows share\C-Socket-API\Debug\vc100.pdb'; linking object as if no debug info
cstl.lib(cstl_multimap_aux.obj) : warning LNK4099: PDB 'vc100.pdb' was not found with 'cstl.lib(cstl_multimap_aux.obj)' or at '\\vmware-host\Shared Folders\windows share\C-Socket-API\Debug\vc100.pdb'; linking object as if no debug info
cstl.lib(cstl_multimap_iterator.obj) : warning LNK4099: PDB 'vc100.pdb' was not found with 'cstl.lib(cstl_multimap_iterator.obj)' or at '\\vmware-host\Shared Folders\windows share\C-Socket-API\Debug\vc100.pdb'; linking object as if no debug info
cstl.lib(cstl_multimap_private.obj) : warning LNK4099: PDB 'vc100.pdb' was not found with 'cstl.lib(cstl_multimap_private.obj)' or at '\\vmware-host\Shared Folders\windows share\C-Socket-API\Debug\vc100.pdb'; linking object as if no debug info
cstl.lib(cstl_multiset.obj) : warning LNK4099: PDB 'vc100.pdb' was not found with 'cstl.lib(cstl_multiset.obj)' or at '\\vmware-host\Shared Folders\windows share\C-Socket-API\Debug\vc100.pdb'; linking object as if no debug info
cstl.lib(cstl_multiset_aux.obj) : warning LNK4099: PDB 'vc100.pdb' was not found with 'cstl.lib(cstl_multiset_aux.obj)' or at '\\vmware-host\Shared Folders\windows share\C-Socket-API\Debug\vc100.pdb'; linking object as if no debug info
cstl.lib(cstl_multiset_iterator.obj) : warning LNK4099: PDB 'vc100.pdb' was not found with 'cstl.lib(cstl_multiset_iterator.obj)' or at '\\vmware-host\Shared Folders\windows share\C-Socket-API\Debug\vc100.pdb'; linking object as if no debug info
cstl.lib(cstl_multiset_private.obj) : warning LNK4099: PDB 'vc100.pdb' was not found with 'cstl.lib(cstl_multiset_private.obj)' or at '\\vmware-host\Shared Folders\windows share\C-Socket-API\Debug\vc100.pdb'; linking object as if no debug info
cstl.lib(cstl_pair.obj) : warning LNK4099: PDB 'vc100.pdb' was not found with 'cstl.lib(cstl_pair.obj)' or at '\\vmware-host\Shared Folders\windows share\C-Socket-API\Debug\vc100.pdb'; linking object as if no debug info
cstl.lib(cstl_pair_aux.obj) : warning LNK4099: PDB 'vc100.pdb' was not found with 'cstl.lib(cstl_pair_aux.obj)' or at '\\vmware-host\Shared Folders\windows share\C-Socket-API\Debug\vc100.pdb'; linking object as if no debug info
cstl.lib(cstl_pair_private.obj) : warning LNK4099: PDB 'vc100.pdb' was not found with 'cstl.lib(cstl_pair_private.obj)' or at '\\vmware-host\Shared Folders\windows share\C-Socket-API\Debug\vc100.pdb'; linking object as if no debug info
cstl.lib(cstl_priority_queue.obj) : warning LNK4099: PDB 'vc100.pdb' was not found with 'cstl.lib(cstl_priority_queue.obj)' or at '\\vmware-host\Shared Folders\windows share\C-Socket-API\Debug\vc100.pdb'; linking object as if no debug info
cstl.lib(cstl_priority_queue_private.obj) : warning LNK4099: PDB 'vc100.pdb' was not found with 'cstl.lib(cstl_priority_queue_private.obj)' or at '\\vmware-host\Shared Folders\windows share\C-Socket-API\Debug\vc100.pdb'; linking object as if no debug info
cstl.lib(cstl_queue.obj) : warning LNK4099: PDB 'vc100.pdb' was not found with 'cstl.lib(cstl_queue.obj)' or at '\\vmware-host\Shared Folders\windows share\C-Socket-API\Debug\vc100.pdb'; linking object as if no debug info
cstl.lib(cstl_queue_private.obj) : warning LNK4099: PDB 'vc100.pdb' was not found with 'cstl.lib(cstl_queue_private.obj)' or at '\\vmware-host\Shared Folders\windows share\C-Socket-API\Debug\vc100.pdb'; linking object as if no debug info
cstl.lib(cstl_rb_tree.obj) : warning LNK4099: PDB 'vc100.pdb' was not found with 'cstl.lib(cstl_rb_tree.obj)' or at '\\vmware-host\Shared Folders\windows share\C-Socket-API\Debug\vc100.pdb'; linking object as if no debug info
cstl.lib(cstl_rb_tree_aux.obj) : warning LNK4099: PDB 'vc100.pdb' was not found with 'cstl.lib(cstl_rb_tree_aux.obj)' or at '\\vmware-host\Shared Folders\windows share\C-Socket-API\Debug\vc100.pdb'; linking object as if no debug info
cstl.lib(cstl_rb_tree_iterator.obj) : warning LNK4099: PDB 'vc100.pdb' was not found with 'cstl.lib(cstl_rb_tree_iterator.obj)' or at '\\vmware-host\Shared Folders\windows share\C-Socket-API\Debug\vc100.pdb'; linking object as if no debug info
cstl.lib(cstl_rb_tree_private.obj) : warning LNK4099: PDB 'vc100.pdb' was not found with 'cstl.lib(cstl_rb_tree_private.obj)' or at '\\vmware-host\Shared Folders\windows share\C-Socket-API\Debug\vc100.pdb'; linking object as if no debug info
cstl.lib(cstl_set.obj) : warning LNK4099: PDB 'vc100.pdb' was not found with 'cstl.lib(cstl_set.obj)' or at '\\vmware-host\Shared Folders\windows share\C-Socket-API\Debug\vc100.pdb'; linking object as if no debug info
cstl.lib(cstl_set_aux.obj) : warning LNK4099: PDB 'vc100.pdb' was not found with 'cstl.lib(cstl_set_aux.obj)' or at '\\vmware-host\Shared Folders\windows share\C-Socket-API\Debug\vc100.pdb'; linking object as if no debug info
cstl.lib(cstl_set_iterator.obj) : warning LNK4099: PDB 'vc100.pdb' was not found with 'cstl.lib(cstl_set_iterator.obj)' or at '\\vmware-host\Shared Folders\windows share\C-Socket-API\Debug\vc100.pdb'; linking object as if no debug info
cstl.lib(cstl_set_private.obj) : warning LNK4099: PDB 'vc100.pdb' was not found with 'cstl.lib(cstl_set_private.obj)' or at '\\vmware-host\Shared Folders\windows share\C-Socket-API\Debug\vc100.pdb'; linking object as if no debug info
cstl.lib(cstl_slist.obj) : warning LNK4099: PDB 'vc100.pdb' was not found with 'cstl.lib(cstl_slist.obj)' or at '\\vmware-host\Shared Folders\windows share\C-Socket-API\Debug\vc100.pdb'; linking object as if no debug info
cstl.lib(cstl_slist_aux.obj) : warning LNK4099: PDB 'vc100.pdb' was not found with 'cstl.lib(cstl_slist_aux.obj)' or at '\\vmware-host\Shared Folders\windows share\C-Socket-API\Debug\vc100.pdb'; linking object as if no debug info
cstl.lib(cstl_slist_iterator.obj) : warning LNK4099: PDB 'vc100.pdb' was not found with 'cstl.lib(cstl_slist_iterator.obj)' or at '\\vmware-host\Shared Folders\windows share\C-Socket-API\Debug\vc100.pdb'; linking object as if no debug info
cstl.lib(cstl_slist_private.obj) : warning LNK4099: PDB 'vc100.pdb' was not found with 'cstl.lib(cstl_slist_private.obj)' or at '\\vmware-host\Shared Folders\windows share\C-Socket-API\Debug\vc100.pdb'; linking object as if no debug info
cstl.lib(cstl_stack.obj) : warning LNK4099: PDB 'vc100.pdb' was not found with 'cstl.lib(cstl_stack.obj)' or at '\\vmware-host\Shared Folders\windows share\C-Socket-API\Debug\vc100.pdb'; linking object as if no debug info
cstl.lib(cstl_stack_private.obj) : warning LNK4099: PDB 'vc100.pdb' was not found with 'cstl.lib(cstl_stack_private.obj)' or at '\\vmware-host\Shared Folders\windows share\C-Socket-API\Debug\vc100.pdb'; linking object as if no debug info
cstl.lib(cstl_string.obj) : warning LNK4099: PDB 'vc100.pdb' was not found with 'cstl.lib(cstl_string.obj)' or at '\\vmware-host\Shared Folders\windows share\C-Socket-API\Debug\vc100.pdb'; linking object as if no debug info
cstl.lib(cstl_string_private.obj) : warning LNK4099: PDB 'vc100.pdb' was not found with 'cstl.lib(cstl_string_private.obj)' or at '\\vmware-host\Shared Folders\windows share\C-Socket-API\Debug\vc100.pdb'; linking object as if no debug info
cstl.lib(cstl_types.obj) : warning LNK4099: PDB 'vc100.pdb' was not found with 'cstl.lib(cstl_types.obj)' or at '\\vmware-host\Shared Folders\windows share\C-Socket-API\Debug\vc100.pdb'; linking object as if no debug info
cstl.lib(cstl_vector.obj) : warning LNK4099: PDB 'vc100.pdb' was not found with 'cstl.lib(cstl_vector.obj)' or at '\\vmware-host\Shared Folders\windows share\C-Socket-API\Debug\vc100.pdb'; linking object as if no debug info
cstl.lib(cstl_vector_aux.obj) : warning LNK4099: PDB 'vc100.pdb' was not found with 'cstl.lib(cstl_vector_aux.obj)' or at '\\vmware-host\Shared Folders\windows share\C-Socket-API\Debug\vc100.pdb'; linking object as if no debug info
cstl.lib(cstl_vector_iterator.obj) : warning LNK4099: PDB 'vc100.pdb' was not found with 'cstl.lib(cstl_vector_iterator.obj)' or at '\\vmware-host\Shared Folders\windows share\C-Socket-API\Debug\vc100.pdb'; linking object as if no debug info
cstl.lib(cstl_vector_private.obj) : warning LNK4099: PDB 'vc100.pdb' was not found with 'cstl.lib(cstl_vector_private.obj)' or at '\\vmware-host\Shared Folders\windows share\C-Socket-API\Debug\vc100.pdb'; linking object as if no debug info
Manifest:
  c:\Program Files (x86)\Microsoft SDKs\Windows\v7.0A\bin\mt.exe /nologo /verbose /out:"Debug\Socket.dll.embed.manifest" /manifest Debug\Socket.dll.intermediate.manifest
  c:\Program Files (x86)\Microsoft SDKs\Windows\v7.0A\bin\rc.exe /nologo /fo"Debug\Socket.dll.embed.manifest.res" Debug\Socket_manifest.rc 
LinkEmbedManifest:
  c:\Program Files (x86)\Microsoft Visual Studio 10.0\VC\bin\link.exe /ERRORREPORT:PROMPT /OUT:"\\vmware-host\Shared Folders\windows share\C-Socket-API\Debug\Socket.dll" /INCREMENTAL /NOLOGO WS2_32.lib cstl.lib kernel32.lib user32.lib gdi32.lib winspool.lib comdlg32.lib advapi32.lib shell32.lib ole32.lib oleaut32.lib uuid.lib odbc32.lib odbccp32.lib /MANIFEST /ManifestFile:"Debug\Socket.dll.intermediate.manifest" /MANIFESTUAC:"level='asInvoker' uiAccess='false'" /DEBUG /PDB:"\\vmware-host\Shared Folders\windows share\C-Socket-API\Debug\Socket.pdb" /SUBSYSTEM:CONSOLE /TLBID:1 /DYNAMICBASE /NXCOMPAT /IMPLIB:"\\vmware-host\Shared Folders\windows share\C-Socket-API\Debug\Socket.lib" /MACHINE:X86 /DLL Debug\Socket.dll.embed.manifest.res
  Debug\CommonFunctions.obj
  Debug\CreateClient.obj
  Debug\CreateServer.obj
  Socket.vcxproj -> \\vmware-host\Shared Folders\windows share\C-Socket-API\Debug\Socket.dll
CopyFilesToOutputDirectory:
  Copying file from "Debug\Socket.pdb" to "\\vmware-host\Shared Folders\windows share\C-Socket-API\Debug\Socket.pdb".
FinalizeBuildStatus:
  Deleting file "Debug\Socket.unsuccessfulbuild".
  Touching "Debug\Socket.lastbuildstate".
Done Building Project "\\vmware-host\Shared Folders\windows share\C-Socket-API\Socket\Socket.vcxproj" (build target(s)).

Build succeeded.

Time Elapsed 00:00:05.68
