\\vmware-host\Shared Folders\windows share\C-Socket-API\\lib\Socket.dll
\\vmware-host\Shared Folders\windows share\C-Socket-API\\lib\Socket.ilk
\\vmware-host\Shared Folders\windows share\C-Socket-API\\lib\Socket.pdb
\\VMWARE-HOST\SHARED FOLDERS\WINDOWS SHARE\C-SOCKET-API\LIB\SOCKET.DLL
\\vmware-host\Shared Folders\windows share\C-Socket-API\lib\Socket.exp
\\VMWARE-HOST\SHARED FOLDERS\WINDOWS SHARE\C-SOCKET-API\LIB\SOCKET.ILK
\\vmware-host\Shared Folders\windows share\C-Socket-API\lib\Socket.lib
\\VMWARE-HOST\SHARED FOLDERS\WINDOWS SHARE\C-SOCKET-API\LIB\SOCKET.PDB
\\vmware-host\Shared Folders\windows share\C-Socket-API\Socket\Debug\cl.command.1.tlog
\\vmware-host\Shared Folders\windows share\C-Socket-API\Socket\Debug\CL.read.1.tlog
\\vmware-host\Shared Folders\windows share\C-Socket-API\Socket\Debug\CL.write.1.tlog
\\VMWARE-HOST\SHARED FOLDERS\WINDOWS SHARE\C-SOCKET-API\SOCKET\DEBUG\COMMONFUNCTIONS.OBJ
\\VMWARE-HOST\SHARED FOLDERS\WINDOWS SHARE\C-SOCKET-API\SOCKET\DEBUG\CREATECLIENT.OBJ
\\VMWARE-HOST\SHARED FOLDERS\WINDOWS SHARE\C-SOCKET-API\SOCKET\DEBUG\CREATESERVER.OBJ
\\vmware-host\Shared Folders\windows share\C-Socket-API\Socket\Debug\link.2392.read.1.tlog
\\vmware-host\Shared Folders\windows share\C-Socket-API\Socket\Debug\link.2392.write.1.tlog
\\vmware-host\Shared Folders\windows share\C-Socket-API\Socket\Debug\link.2392-cvtres.read.1.tlog
\\vmware-host\Shared Folders\windows share\C-Socket-API\Socket\Debug\link.2392-cvtres.write.1.tlog
\\vmware-host\Shared Folders\windows share\C-Socket-API\Socket\Debug\link.command.1.tlog
\\vmware-host\Shared Folders\windows share\C-Socket-API\Socket\Debug\link.read.1.tlog
\\vmware-host\Shared Folders\windows share\C-Socket-API\Socket\Debug\link.write.1.tlog
\\vmware-host\Shared Folders\windows share\C-Socket-API\Socket\Debug\link-cvtres.read.1.tlog
\\vmware-host\Shared Folders\windows share\C-Socket-API\Socket\Debug\link-cvtres.write.1.tlog
\\vmware-host\Shared Folders\windows share\C-Socket-API\Socket\Debug\mt.command.1.tlog
\\vmware-host\Shared Folders\windows share\C-Socket-API\Socket\Debug\mt.read.1.tlog
\\vmware-host\Shared Folders\windows share\C-Socket-API\Socket\Debug\mt.write.1.tlog
\\vmware-host\Shared Folders\windows share\C-Socket-API\Socket\Debug\rc.command.1.tlog
\\vmware-host\Shared Folders\windows share\C-Socket-API\Socket\Debug\rc.read.1.tlog
\\vmware-host\Shared Folders\windows share\C-Socket-API\Socket\Debug\rc.write.1.tlog
\\vmware-host\Shared Folders\windows share\C-Socket-API\Socket\Debug\Socket.dll.embed.manifest
\\vmware-host\Shared Folders\windows share\C-Socket-API\Socket\Debug\Socket.dll.embed.manifest.res
\\VMWARE-HOST\SHARED FOLDERS\WINDOWS SHARE\C-SOCKET-API\SOCKET\DEBUG\SOCKET.DLL.INTERMEDIATE.MANIFEST
\\vmware-host\Shared Folders\windows share\C-Socket-API\Socket\Debug\Socket.write.1.tlog
\\vmware-host\Shared Folders\windows share\C-Socket-API\Socket\Debug\Socket_manifest.rc
\\vmware-host\Shared Folders\windows share\C-Socket-API\Socket\Debug\vc100.idb
\\VMWARE-HOST\SHARED FOLDERS\WINDOWS SHARE\C-SOCKET-API\SOCKET\DEBUG\VC100.PDB
