\\VMWARE-HOST\SHARED FOLDERS\WINDOWS SHARE\C-SOCKET-API\DEBUG\TCNETWORK.EXE
\\VMWARE-HOST\SHARED FOLDERS\WINDOWS SHARE\C-SOCKET-API\DEBUG\TCNETWORK.ILK
\\VMWARE-HOST\SHARED FOLDERS\WINDOWS SHARE\C-SOCKET-API\DEBUG\TCNETWORK.PDB
\\VMWARE-HOST\SHARED FOLDERS\WINDOWS SHARE\C-SOCKET-API\TCNETWORK\DEBUG\TCNETWORK.EXE.INTERMEDIATE.MANIFEST
\\VMWARE-HOST\SHARED FOLDERS\WINDOWS SHARE\C-SOCKET-API\TCNETWORK\DEBUG\TCNETWORK.OBJ
\\VMWARE-HOST\SHARED FOLDERS\WINDOWS SHARE\C-SOCKET-API\TCNETWORK\DEBUG\VC100.PDB
C:\Users\zhao\Documents\Visual Studio 2010\Projects\Socket\Debug\tcNetwork.exe
C:\Users\zhao\Documents\Visual Studio 2010\Projects\Socket\Debug\tcNetwork.ilk
C:\Users\zhao\Documents\Visual Studio 2010\Projects\Socket\Debug\tcNetwork.pdb
C:\Users\zhao\Documents\Visual Studio 2010\Projects\Socket\tcNetwork\Debug\cl.command.1.tlog
C:\Users\zhao\Documents\Visual Studio 2010\Projects\Socket\tcNetwork\Debug\CL.read.1.tlog
C:\Users\zhao\Documents\Visual Studio 2010\Projects\Socket\tcNetwork\Debug\CL.write.1.tlog
C:\Users\zhao\Documents\Visual Studio 2010\Projects\Socket\tcNetwork\Debug\link.command.1.tlog
C:\Users\zhao\Documents\Visual Studio 2010\Projects\Socket\tcNetwork\Debug\link.read.1.tlog
C:\Users\zhao\Documents\Visual Studio 2010\Projects\Socket\tcNetwork\Debug\link.write.1.tlog
C:\Users\zhao\Documents\Visual Studio 2010\Projects\Socket\tcNetwork\Debug\mt.command.1.tlog
C:\Users\zhao\Documents\Visual Studio 2010\Projects\Socket\tcNetwork\Debug\mt.read.1.tlog
C:\Users\zhao\Documents\Visual Studio 2010\Projects\Socket\tcNetwork\Debug\mt.write.1.tlog
C:\Users\zhao\Documents\Visual Studio 2010\Projects\Socket\tcNetwork\Debug\tcNetwork.exe.intermediate.manifest
C:\Users\zhao\Documents\Visual Studio 2010\Projects\Socket\tcNetwork\Debug\tcNetwork.obj
C:\Users\zhao\Documents\Visual Studio 2010\Projects\Socket\tcNetwork\Debug\vc100.idb
C:\Users\zhao\Documents\Visual Studio 2010\Projects\Socket\tcNetwork\Debug\vc100.pdb
